<?xml version="1.0" encoding="UTF-8"?>
<!-- Generated by org.testng.reporters.JUnitReportReporter -->
<testsuite hostname="DESKTOP-DDPERDS" failures="0" tests="2" name="test.day3" time="0.024" errors="0" timestamp="2023-09-20T15:22:47 GMT-03:00" skipped="0">
  <testcase classname="test.day3" name="Mobileloanlogin" time="0.016"/>
  <testcase classname="test.day3" name="carloanlogin" time="0.008"/>
</testsuite> <!-- test.day3 -->
