<?xml version="1.0" encoding="UTF-8"?>
<!-- Generated by org.testng.reporters.JUnitReportReporter -->
<testsuite hostname="DESKTOP-DDPERDS" failures="0" tests="1" name="test.day1" time="0.015" errors="0" timestamp="2023-09-20T15:22:47 GMT-03:00" skipped="0">
  <testcase classname="test.day1" name="demo" time="0.015"/>
</testsuite> <!-- test.day1 -->
